Unity Editor version:    2022.3.22f1 (887be4894c44)
Branch:                  2022.3/staging
Build type:              Release
Batch mode:              YES
System name:             Linux
Distro version:          #1 SMP PREEMPT_DYNAMIC Thu Jun  5 18:30:46 UTC 2025
Kernel version:          6.6.87.2-microsoft-standard-WSL2
Architecture:            x86_64
Available memory:        15790 MB
[Licensing::Module] Trying to connect to existing licensing client channel...
[Licensing::IpcConnector] Successfully connected to the License Client on channel: "LicenseClient-kafka" at "2025-08-27T09:37:31.221129Z"
[SignatureVerifier] Application signature verification not supported on this platform.
[Licensing::Client] Handshaking with LicensingClient:
  Version:                 1.17.0+aa6cfba
  Session Id:              c5932adc2aa047c295f2687cf09dc2c4
  Correlation Id:          63fd0a90fa2145310d7d69b351aa0d5e
  External correlation Id: 7797620300646676859
  Machine Id:              WzNnu15AWjeeRQKoJ1tqyQXU7Rk=
[Licensing::Module] Successfully connected to LicensingClient on channel: "LicenseClient-kafka" (connect: 0.00s, validation: 0.01s, handshake: 0.00s)
[Licensing::IpcConnector] Successfully connected to the License Notification on channel: "LicenseClient-kafka-notifications" at "2025-08-27T09:37:31.232252Z"
[Licensing::Module] Error: Access token is unavailable; failed to update
[Licensing::Client] Successfully updated license
[Licensing::Client] Successfully resolved entitlements
[Licensing::Module] Serial number assigned to: "15668501214293-UnityPersXXXX"
Pro License: NO
Initialize udev device monitor.

COMMAND LINE ARGUMENTS:
/home/kafka/Unity/Hub/Editor/2022.3.22f1/Editor/Unity
-quit
-batchmode
-nographics
-logFile
./unity_build.log
-projectPath
/home/kafka/projects/VirtualTokyoMatching
-executeMethod
VirtualTokyoMatching.Editor.VTMSceneBuilder.CreateCompleteWorld
Successfully changed project path to: /home/kafka/projects/VirtualTokyoMatching
/home/kafka/projects/VirtualTokyoMatching
[UnityMemory] Configuration Parameters - Can be set up in boot.config
    "memorysetup-bucket-allocator-granularity=16"
    "memorysetup-bucket-allocator-bucket-count=8"
    "memorysetup-bucket-allocator-block-size=33554432"
    "memorysetup-bucket-allocator-block-count=8"
    "memorysetup-main-allocator-block-size=16777216"
    "memorysetup-thread-allocator-block-size=16777216"
    "memorysetup-gfx-main-allocator-block-size=16777216"
    "memorysetup-gfx-thread-allocator-block-size=16777216"
    "memorysetup-cache-allocator-block-size=4194304"
    "memorysetup-typetree-allocator-block-size=2097152"
    "memorysetup-profiler-bucket-allocator-granularity=16"
    "memorysetup-profiler-bucket-allocator-bucket-count=8"
    "memorysetup-profiler-bucket-allocator-block-size=33554432"
    "memorysetup-profiler-bucket-allocator-block-count=8"
    "memorysetup-profiler-allocator-block-size=16777216"
    "memorysetup-profiler-editor-allocator-block-size=1048576"
    "memorysetup-temp-allocator-size-main=16777216"
    "memorysetup-job-temp-allocator-block-size=2097152"
    "memorysetup-job-temp-allocator-block-size-background=1048576"
    "memorysetup-job-temp-allocator-reduction-small-platforms=262144"
    "memorysetup-allocator-temp-initial-block-size-main=262144"
    "memorysetup-allocator-temp-initial-block-size-worker=262144"
    "memorysetup-temp-allocator-size-background-worker=32768"
    "memorysetup-temp-allocator-size-job-worker=262144"
    "memorysetup-temp-allocator-size-preload-manager=33554432"
    "memorysetup-temp-allocator-size-nav-mesh-worker=65536"
    "memorysetup-temp-allocator-size-audio-worker=65536"
    "memorysetup-temp-allocator-size-cloud-worker=32768"
    "memorysetup-temp-allocator-size-gi-baking-worker=262144"
    "memorysetup-temp-allocator-size-gfx=262144"
Player connection [124115119907776] Host "[IP] 10.255.255.254 [Port] 55504 [Flags] 2 [Guid] 747479256 [EditorId] 747479256 [Version] 1048832 [Id] LinuxEditor(16,172.31.237.95) [Debug] 1 [PackageName] LinuxEditor [ProjectName] Editor" joined multi-casting on [225.0.0.222:54997]...

Player connection [124115119907776] Host "[IP] 10.255.255.254 [Port] 55504 [Flags] 2 [Guid] 747479256 [EditorId] 747479256 [Version] 1048832 [Id] LinuxEditor(16,172.31.237.95) [Debug] 1 [PackageName] LinuxEditor [ProjectName] Editor" joined alternative multi-casting on [225.0.0.222:34997]...

[Physics::Module] Initialized MultithreadedJobDispatcher with 15 workers.
[Package Manager] UpmClient::Connect -- Connected to IPC stream "Upm-459934" after 0.1 seconds.
[Licensing::Client] Successfully resolved entitlements
[Package Manager] Done resolving packages in 0.97 seconds
[Licensing::Client] Successfully resolved entitlement details
An error occurred while resolving packages:
  Project has invalid dependencies:
    com.vrchat.udonsharp: Access to 'https://packages.vrchat.com/com.vrchat.udonsharp' was denied
./External/baselib/builds/Include/Internal/../C/Internal/Baselib_Semaphore_FutexBased.inl.h(158): Assertion failed (count >= 0) - Destruction is not allowed when there are still threads waiting on the semaphore.
